<?xml version="1.0" encoding="UTF-8"?>
<!-- Generated by org.testng.reporters.JUnitReportReporter -->
<testsuite hostname="DHAMONI" failures="0" tests="1" name="com.HM.project.AssertProductValue_Test" time="34.000" errors="0" timestamp="2024-01-30T16:48:13 IST" skipped="0">
  <testcase classname="com.HM.project.AssertProductValue_Test" name="productValue" time="34.000"/>
</testsuite> <!-- com.HM.project.AssertProductValue_Test -->
