<?xml version="1.0" encoding="UTF-8"?>
<!-- Generated by org.testng.reporters.JUnitReportReporter -->
<testsuite hostname="DHAMONI" failures="0" tests="1" name="com.HM.project.FilterCondition_Test" time="36.698" errors="0" timestamp="2024-01-31T15:02:38 IST" skipped="0">
  <testcase classname="com.HM.project.FilterCondition_Test" name="filter" time="36.698"/>
</testsuite> <!-- com.HM.project.FilterCondition_Test -->
